<?xml version="1.0" encoding="UTF-8"?>
<testng-results ignored="0" total="1" passed="1" failed="0" skipped="0">
  <reporter-output>
  </reporter-output>
  <suite started-at="2023-04-16T13:54:19 IST" name="Default suite" finished-at="2023-04-16T13:55:48 IST" duration-ms="88813">
    <groups>
    </groups>
    <test started-at="2023-04-16T13:54:19 IST" name="Default test" finished-at="2023-04-16T13:55:48 IST" duration-ms="88813">
      <class name="genral.BrokenLink">
        <test-method signature="broken()[pri:0, instance:genral.BrokenLink@be35cd9]" started-at="2023-04-16T13:54:19 IST" name="broken" finished-at="2023-04-16T13:55:48 IST" duration-ms="88752" status="PASS">
          <reporter-output>
          </reporter-output>
        </test-method> <!-- broken -->
      </class> <!-- genral.BrokenLink -->
    </test> <!-- Default test -->
  </suite> <!-- Default suite -->
</testng-results>
