<?xml version="1.0" encoding="UTF-8"?>
<testng-results ignored="0" total="1" passed="1" failed="0" skipped="0">
  <reporter-output>
  </reporter-output>
  <suite started-at="2023-04-15T13:16:34 IST" name="Default suite" finished-at="2023-04-15T13:16:44 IST" duration-ms="10015">
    <groups>
    </groups>
    <test started-at="2023-04-15T13:16:34 IST" name="Default test" finished-at="2023-04-15T13:16:44 IST" duration-ms="10015">
      <class name="genral.Normal">
        <test-method signature="demo()[pri:0, instance:genral.Normal@41e1e210]" started-at="2023-04-15T13:16:34 IST" name="demo" finished-at="2023-04-15T13:16:44 IST" duration-ms="9961" status="PASS">
          <reporter-output>
          </reporter-output>
        </test-method> <!-- demo -->
      </class> <!-- genral.Normal -->
    </test> <!-- Default test -->
  </suite> <!-- Default suite -->
</testng-results>
